This file contains any messages produced by compilers while
running configure, to aid debugging if configure makes a mistake.

It was created by configure, which was
generated by GNU Autoconf 2.68.  Invocation command line was

  $ ./configure --no-create --no-recursion

## --------- ##
## Platform. ##
## --------- ##

hostname = LNGSHAL-097
uname -m = i686
uname -r = 1.7.15(0.260/5/3)
uname -s = CYGWIN_NT-5.1
uname -v = 2012-05-09 10:25

/usr/bin/uname -p = unknown
/bin/uname -X     = unknown

/bin/arch              = i686
/usr/bin/arch -k       = unknown
/usr/convex/getsysinfo = unknown
/usr/bin/hostinfo      = unknown
/bin/machine           = unknown
/usr/bin/oslevel       = unknown
/bin/universe          = unknown

PATH: /usr/local/bin
PATH: /usr/bin
PATH: /cygdrive/c/Program Files/Common Files/NetSarang
PATH: /cygdrive/c/WINDOWS/system32
PATH: /cygdrive/c/WINDOWS
PATH: /cygdrive/c/WINDOWS/System32/Wbem
PATH: /cygdrive/c/Program Files/Common Files/Roxio Shared/DLLShared
PATH: /cygdrive/c/WINDOWS/system32/WindowsPowerShell/v1.0
PATH: /cygdrive/c/WINDOWS/system32/WindowsPowerShell/v1.0
PATH: /cygdrive/c/Program Files/Common Files/Roxio Shared/10.0/DLLShared
PATH: /cygdrive/c/Program Files/NTRU Cryptosystems/NTRU TCG Software Stack/bin
PATH: /cygdrive/c/Program Files/Dell/Dell Data Protection/Access/Advanced/Wave/Gemalto/Access Client/v5
PATH: /cygdrive/c/Program Files/Git/cmd
PATH: /cygdrive/c/Program Files/Symantec/pcAnywhere
PATH: /cygdrive/c/Program Files/QuickTime/QTSystem
PATH: /cygdrive/c/Program Files/curl-7.25.0
PATH: /cygdrive/c/Program Files/ctags58
PATH: /cygdrive/c/Program Files/FlashFXP_3.4.1.1154
PATH: /cygdrive/c/Program Files/CVSNT
PATH: /cygdrive/c/Program Files/libxml2-2.4.12-bin/bin
PATH: /cygdrive/c/Program Files/bin
PATH: /cygdrive/c/Program Files/start
PATH: /cygdrive/c/Program Files/Java/jdk1.6.0_18/bin
PATH: /cygdrive/c/Program Files/Tencent/QQ/Bin
PATH: /cygdrive/c/Program Files/emacs-24.1/bin
PATH: /cygdrive/c/Program Files/Opera
PATH: /usr/bin


## ----------- ##
## Core tests. ##
## ----------- ##

configure:2314: checking for a BSD-compatible install
configure:2382: result: /usr/bin/install -c
configure:2393: checking whether build environment is sane
configure:2430: result: yes
configure:2492: checking for gawk
configure:2508: found /usr/bin/gawk
configure:2519: result: gawk
configure:2530: checking whether make sets $(MAKE)
configure:2552: result: yes
configure:2737: checking build system type
configure:2751: result: i686-pc-cygwin
configure:2771: checking host system type
configure:2784: result: i686-pc-cygwin
configure:2855: checking for gcc
configure:2871: found /usr/bin/gcc
configure:2882: result: gcc
configure:3111: checking for C compiler version
configure:3120: gcc --version >&5
gcc (GCC) 3.4.4 (cygming special, gdc 0.12, using dmd 0.125)
Copyright (C) 2004 Free Software Foundation, Inc.
This is free software; see the source for copying conditions.  There is NO
warranty; not even for MERCHANTABILITY or FITNESS FOR A PARTICULAR PURPOSE.

configure:3131: $? = 0
configure:3120: gcc -v >&5
Reading specs from /usr/lib/gcc/i686-pc-cygwin/3.4.4/specs
Configured with: /managed/gcc-build/final-v3-bootstrap/gcc-3.4.4-999/configure --verbose --program-suffix=-3 --prefix=/usr --exec-prefix=/usr --sysconfdir=/etc --libdir=/usr/lib --libexecdir=/usr/lib --mandir=/usr/share/man --infodir=/usr/share/info --enable-languages=c,ada,c++,d,f77,pascal,java,objc --enable-nls --without-included-gettext --enable-version-specific-runtime-libs --without-x --enable-libgcj --disable-java-awt --with-system-zlib --enable-interpreter --disable-libgcj-debug --enable-threads=posix --enable-java-gc=boehm --disable-win32-registry --enable-sjlj-exceptions --enable-hash-synchronization --enable-libstdcxx-debug
Thread model: posix
gcc version 3.4.4 (cygming special, gdc 0.12, using dmd 0.125)
configure:3131: $? = 0
configure:3120: gcc -V >&5
gcc: `-V' option must have argument
configure:3131: $? = 1
configure:3120: gcc -qversion >&5
gcc: unrecognized option `-qversion'
gcc: no input files
configure:3131: $? = 1
configure:3151: checking whether the C compiler works
configure:3173: gcc    conftest.c  >&5
configure:3177: $? = 0
configure:3225: result: yes
configure:3228: checking for C compiler default output file name
configure:3230: result: a.exe
configure:3236: checking for suffix of executables
configure:3243: gcc -o conftest.exe    conftest.c  >&5
configure:3247: $? = 0
configure:3269: result: .exe
configure:3291: checking whether we are cross compiling
configure:3299: gcc -o conftest.exe    conftest.c  >&5
configure:3303: $? = 0
configure:3310: ./conftest.exe
configure:3314: $? = 0
configure:3329: result: no
configure:3334: checking for suffix of object files
configure:3356: gcc -c   conftest.c >&5
configure:3360: $? = 0
configure:3381: result: o
configure:3385: checking whether we are using the GNU C compiler
configure:3404: gcc -c   conftest.c >&5
configure:3404: $? = 0
configure:3413: result: yes
configure:3422: checking whether gcc accepts -g
configure:3442: gcc -c -g  conftest.c >&5
configure:3442: $? = 0
configure:3483: result: yes
configure:3500: checking for gcc option to accept ISO C89
configure:3564: gcc  -c -g -O2  conftest.c >&5
configure:3564: $? = 0
configure:3577: result: none needed
configure:3608: checking for style of include used by make
configure:3636: result: GNU
configure:3664: checking dependency style of gcc
configure:3754: result: gcc3
configure:3777: checking for flex
configure:3807: result: no
configure:3777: checking for lex
configure:3807: result: no
configure:3952: checking for bison
configure:3982: result: no
configure:3952: checking for byacc
configure:3982: result: no
configure:4014: checking how to run the C preprocessor
configure:4045: gcc -E  conftest.c
configure:4045: $? = 0
configure:4059: gcc -E  conftest.c
conftest.c:11:28: ac_nonexistent.h: No such file or directory
configure:4059: $? = 1
configure: failed program was:
| /* confdefs.h */
| #define PACKAGE_NAME ""
| #define PACKAGE_TARNAME ""
| #define PACKAGE_VERSION ""
| #define PACKAGE_STRING ""
| #define PACKAGE_BUGREPORT ""
| #define PACKAGE_URL ""
| #define PACKAGE "cscope"
| #define VERSION "15.8"
| /* end confdefs.h.  */
| #include <ac_nonexistent.h>
configure:4084: result: gcc -E
configure:4104: gcc -E  conftest.c
configure:4104: $? = 0
configure:4118: gcc -E  conftest.c
conftest.c:11:28: ac_nonexistent.h: No such file or directory
configure:4118: $? = 1
configure: failed program was:
| /* confdefs.h */
| #define PACKAGE_NAME ""
| #define PACKAGE_TARNAME ""
| #define PACKAGE_VERSION ""
| #define PACKAGE_STRING ""
| #define PACKAGE_BUGREPORT ""
| #define PACKAGE_URL ""
| #define PACKAGE "cscope"
| #define VERSION "15.8"
| /* end confdefs.h.  */
| #include <ac_nonexistent.h>
configure:4147: checking for grep that handles long lines and -e
configure:4205: result: /usr/bin/grep
configure:4210: checking for egrep
configure:4272: result: /usr/bin/grep -E
configure:4404: checking "location of ncurses.h file"...
conftest.c:11:20: curses.h: No such file or directory
conftest.c:12:20: curses.h: No such file or directory
configure:4658: checking for ANSI C header files
configure:4678: gcc -c -g -O2  conftest.c >&5
configure:4678: $? = 0
configure:4751: gcc -o conftest.exe -g -O2   conftest.c  >&5
configure:4751: $? = 0
configure:4751: ./conftest.exe
configure:4751: $? = 0
configure:4762: result: yes
configure:4775: checking for sys/types.h
configure:4775: gcc -c -g -O2  conftest.c >&5
configure:4775: $? = 0
configure:4775: result: yes
configure:4775: checking for sys/stat.h
configure:4775: gcc -c -g -O2  conftest.c >&5
configure:4775: $? = 0
configure:4775: result: yes
configure:4775: checking for stdlib.h
configure:4775: gcc -c -g -O2  conftest.c >&5
configure:4775: $? = 0
configure:4775: result: yes
configure:4775: checking for string.h
configure:4775: gcc -c -g -O2  conftest.c >&5
configure:4775: $? = 0
configure:4775: result: yes
configure:4775: checking for memory.h
configure:4775: gcc -c -g -O2  conftest.c >&5
configure:4775: $? = 0
configure:4775: result: yes
configure:4775: checking for strings.h
configure:4775: gcc -c -g -O2  conftest.c >&5
configure:4775: $? = 0
configure:4775: result: yes
configure:4775: checking for inttypes.h
configure:4775: gcc -c -g -O2  conftest.c >&5
configure:4775: $? = 0
configure:4775: result: yes
configure:4775: checking for stdint.h
configure:4775: gcc -c -g -O2  conftest.c >&5
configure:4775: $? = 0
configure:4775: result: yes
configure:4775: checking for unistd.h
configure:4775: gcc -c -g -O2  conftest.c >&5
configure:4775: $? = 0
configure:4775: result: yes
configure:4787: checking regex.h usability
configure:4787: gcc -c -g -O2  conftest.c >&5
configure:4787: $? = 0
configure:4787: result: yes
configure:4787: checking regex.h presence
configure:4787: gcc -E  conftest.c
configure:4787: $? = 0
configure:4787: result: yes
configure:4787: checking for regex.h
configure:4787: result: yes
configure:4798: checking for regcomp in -lregex
configure:4823: gcc -o conftest.exe -g -O2   conftest.c -lregex   >&5
/usr/lib/gcc/i686-pc-cygwin/3.4.4/../../../../i686-pc-cygwin/bin/ld: cannot find -lregex
collect2: ld returned 1 exit status
configure:4823: $? = 1
configure: failed program was:
| /* confdefs.h */
| #define PACKAGE_NAME ""
| #define PACKAGE_TARNAME ""
| #define PACKAGE_VERSION ""
| #define PACKAGE_STRING ""
| #define PACKAGE_BUGREPORT ""
| #define PACKAGE_URL ""
| #define PACKAGE "cscope"
| #define VERSION "15.8"
| #define STDC_HEADERS 1
| #define HAVE_SYS_TYPES_H 1
| #define HAVE_SYS_STAT_H 1
| #define HAVE_STDLIB_H 1
| #define HAVE_STRING_H 1
| #define HAVE_MEMORY_H 1
| #define HAVE_STRINGS_H 1
| #define HAVE_INTTYPES_H 1
| #define HAVE_STDINT_H 1
| #define HAVE_UNISTD_H 1
| /* end confdefs.h.  */
| 
| /* Override any GCC internal prototype to avoid an error.
|    Use char because int might match the return type of a GCC
|    builtin and then its argument prototype would still apply.  */
| #ifdef __cplusplus
| extern "C"
| #endif
| char regcomp ();
| int
| main ()
| {
| return regcomp ();
|   ;
|   return 0;
| }
configure:4832: result: no
configure:4851: checking for gnome-config
configure:4881: result: no
configure:4888: checking for pkg-config
configure:4918: result: no
configure:4966: checking for dirent.h that defines DIR
configure:4985: gcc -c -g -O2  conftest.c >&5
configure:4985: $? = 0
configure:4993: result: yes
configure:5006: checking for library containing opendir
configure:5037: gcc -o conftest.exe -g -O2   conftest.c  >&5
configure:5037: $? = 0
configure:5054: result: none required
configure:5121: checking for ANSI C header files
configure:5225: result: yes
configure:5236: checking fcntl.h usability
configure:5236: gcc -c -g -O2  conftest.c >&5
configure:5236: $? = 0
configure:5236: result: yes
configure:5236: checking fcntl.h presence
configure:5236: gcc -E  conftest.c
configure:5236: $? = 0
configure:5236: result: yes
configure:5236: checking for fcntl.h
configure:5236: result: yes
configure:5236: checking sys/window.h usability
configure:5236: gcc -c -g -O2  conftest.c >&5
conftest.c:57:24: sys/window.h: No such file or directory
configure:5236: $? = 1
configure: failed program was:
| /* confdefs.h */
| #define PACKAGE_NAME ""
| #define PACKAGE_TARNAME ""
| #define PACKAGE_VERSION ""
| #define PACKAGE_STRING ""
| #define PACKAGE_BUGREPORT ""
| #define PACKAGE_URL ""
| #define PACKAGE "cscope"
| #define VERSION "15.8"
| #define STDC_HEADERS 1
| #define HAVE_SYS_TYPES_H 1
| #define HAVE_SYS_STAT_H 1
| #define HAVE_STDLIB_H 1
| #define HAVE_STRING_H 1
| #define HAVE_MEMORY_H 1
| #define HAVE_STRINGS_H 1
| #define HAVE_INTTYPES_H 1
| #define HAVE_STDINT_H 1
| #define HAVE_UNISTD_H 1
| #define HAVE_DIRENT_H 1
| #define STDC_HEADERS 1
| #define HAVE_FCNTL_H 1
| /* end confdefs.h.  */
| #include <stdio.h>
| #ifdef HAVE_SYS_TYPES_H
| # include <sys/types.h>
| #endif
| #ifdef HAVE_SYS_STAT_H
| # include <sys/stat.h>
| #endif
| #ifdef STDC_HEADERS
| # include <stdlib.h>
| # include <stddef.h>
| #else
| # ifdef HAVE_STDLIB_H
| #  include <stdlib.h>
| # endif
| #endif
| #ifdef HAVE_STRING_H
| # if !defined STDC_HEADERS && defined HAVE_MEMORY_H
| #  include <memory.h>
| # endif
| # include <string.h>
| #endif
| #ifdef HAVE_STRINGS_H
| # include <strings.h>
| #endif
| #ifdef HAVE_INTTYPES_H
| # include <inttypes.h>
| #endif
| #ifdef HAVE_STDINT_H
| # include <stdint.h>
| #endif
| #ifdef HAVE_UNISTD_H
| # include <unistd.h>
| #endif
| #include <sys/window.h>
configure:5236: result: no
configure:5236: checking sys/window.h presence
configure:5236: gcc -E  conftest.c
conftest.c:24:24: sys/window.h: No such file or directory
configure:5236: $? = 1
configure: failed program was:
| /* confdefs.h */
| #define PACKAGE_NAME ""
| #define PACKAGE_TARNAME ""
| #define PACKAGE_VERSION ""
| #define PACKAGE_STRING ""
| #define PACKAGE_BUGREPORT ""
| #define PACKAGE_URL ""
| #define PACKAGE "cscope"
| #define VERSION "15.8"
| #define STDC_HEADERS 1
| #define HAVE_SYS_TYPES_H 1
| #define HAVE_SYS_STAT_H 1
| #define HAVE_STDLIB_H 1
| #define HAVE_STRING_H 1
| #define HAVE_MEMORY_H 1
| #define HAVE_STRINGS_H 1
| #define HAVE_INTTYPES_H 1
| #define HAVE_STDINT_H 1
| #define HAVE_UNISTD_H 1
| #define HAVE_DIRENT_H 1
| #define STDC_HEADERS 1
| #define HAVE_FCNTL_H 1
| /* end confdefs.h.  */
| #include <sys/window.h>
configure:5236: result: no
configure:5236: checking for sys/window.h
configure:5236: result: no
configure:5236: checking sys/termios.h usability
configure:5236: gcc -c -g -O2  conftest.c >&5
configure:5236: $? = 0
configure:5236: result: yes
configure:5236: checking sys/termios.h presence
configure:5236: gcc -E  conftest.c
configure:5236: $? = 0
configure:5236: result: yes
configure:5236: checking for sys/termios.h
configure:5236: result: yes
configure:5236: checking for unistd.h
configure:5236: result: yes
configure:5236: checking signal.h usability
configure:5236: gcc -c -g -O2  conftest.c >&5
configure:5236: $? = 0
configure:5236: result: yes
configure:5236: checking signal.h presence
configure:5236: gcc -E  conftest.c
configure:5236: $? = 0
configure:5236: result: yes
configure:5236: checking for signal.h
configure:5236: result: yes
configure:5236: checking floss.h usability
configure:5236: gcc -c -g -O2  conftest.c >&5
conftest.c:60:19: floss.h: No such file or directory
configure:5236: $? = 1
configure: failed program was:
| /* confdefs.h */
| #define PACKAGE_NAME ""
| #define PACKAGE_TARNAME ""
| #define PACKAGE_VERSION ""
| #define PACKAGE_STRING ""
| #define PACKAGE_BUGREPORT ""
| #define PACKAGE_URL ""
| #define PACKAGE "cscope"
| #define VERSION "15.8"
| #define STDC_HEADERS 1
| #define HAVE_SYS_TYPES_H 1
| #define HAVE_SYS_STAT_H 1
| #define HAVE_STDLIB_H 1
| #define HAVE_STRING_H 1
| #define HAVE_MEMORY_H 1
| #define HAVE_STRINGS_H 1
| #define HAVE_INTTYPES_H 1
| #define HAVE_STDINT_H 1
| #define HAVE_UNISTD_H 1
| #define HAVE_DIRENT_H 1
| #define STDC_HEADERS 1
| #define HAVE_FCNTL_H 1
| #define HAVE_SYS_TERMIOS_H 1
| #define HAVE_UNISTD_H 1
| #define HAVE_SIGNAL_H 1
| /* end confdefs.h.  */
| #include <stdio.h>
| #ifdef HAVE_SYS_TYPES_H
| # include <sys/types.h>
| #endif
| #ifdef HAVE_SYS_STAT_H
| # include <sys/stat.h>
| #endif
| #ifdef STDC_HEADERS
| # include <stdlib.h>
| # include <stddef.h>
| #else
| # ifdef HAVE_STDLIB_H
| #  include <stdlib.h>
| # endif
| #endif
| #ifdef HAVE_STRING_H
| # if !defined STDC_HEADERS && defined HAVE_MEMORY_H
| #  include <memory.h>
| # endif
| # include <string.h>
| #endif
| #ifdef HAVE_STRINGS_H
| # include <strings.h>
| #endif
| #ifdef HAVE_INTTYPES_H
| # include <inttypes.h>
| #endif
| #ifdef HAVE_STDINT_H
| # include <stdint.h>
| #endif
| #ifdef HAVE_UNISTD_H
| # include <unistd.h>
| #endif
| #include <floss.h>
configure:5236: result: no
configure:5236: checking floss.h presence
configure:5236: gcc -E  conftest.c
conftest.c:27:19: floss.h: No such file or directory
configure:5236: $? = 1
configure: failed program was:
| /* confdefs.h */
| #define PACKAGE_NAME ""
| #define PACKAGE_TARNAME ""
| #define PACKAGE_VERSION ""
| #define PACKAGE_STRING ""
| #define PACKAGE_BUGREPORT ""
| #define PACKAGE_URL ""
| #define PACKAGE "cscope"
| #define VERSION "15.8"
| #define STDC_HEADERS 1
| #define HAVE_SYS_TYPES_H 1
| #define HAVE_SYS_STAT_H 1
| #define HAVE_STDLIB_H 1
| #define HAVE_STRING_H 1
| #define HAVE_MEMORY_H 1
| #define HAVE_STRINGS_H 1
| #define HAVE_INTTYPES_H 1
| #define HAVE_STDINT_H 1
| #define HAVE_UNISTD_H 1
| #define HAVE_DIRENT_H 1
| #define STDC_HEADERS 1
| #define HAVE_FCNTL_H 1
| #define HAVE_SYS_TERMIOS_H 1
| #define HAVE_UNISTD_H 1
| #define HAVE_SIGNAL_H 1
| /* end confdefs.h.  */
| #include <floss.h>
configure:5236: result: no
configure:5236: checking for floss.h
configure:5236: result: no
configure:5236: checking io.h usability
configure:5236: gcc -c -g -O2  conftest.c >&5
configure:5236: $? = 0
configure:5236: result: yes
configure:5236: checking io.h presence
configure:5236: gcc -E  conftest.c
configure:5236: $? = 0
configure:5236: result: yes
configure:5236: checking for io.h
configure:5236: result: yes
configure:5247: checking for an ANSI C-conforming const
configure:5312: gcc -c -g -O2  conftest.c >&5
configure:5312: $? = 0
configure:5319: result: yes
configure:5327: checking for mode_t
configure:5327: gcc -c -g -O2  conftest.c >&5
configure:5327: $? = 0
configure:5327: gcc -c -g -O2  conftest.c >&5
conftest.c: In function `main':
conftest.c:64: error: parse error before ')' token
configure:5327: $? = 1
configure: failed program was:
| /* confdefs.h */
| #define PACKAGE_NAME ""
| #define PACKAGE_TARNAME ""
| #define PACKAGE_VERSION ""
| #define PACKAGE_STRING ""
| #define PACKAGE_BUGREPORT ""
| #define PACKAGE_URL ""
| #define PACKAGE "cscope"
| #define VERSION "15.8"
| #define STDC_HEADERS 1
| #define HAVE_SYS_TYPES_H 1
| #define HAVE_SYS_STAT_H 1
| #define HAVE_STDLIB_H 1
| #define HAVE_STRING_H 1
| #define HAVE_MEMORY_H 1
| #define HAVE_STRINGS_H 1
| #define HAVE_INTTYPES_H 1
| #define HAVE_STDINT_H 1
| #define HAVE_UNISTD_H 1
| #define HAVE_DIRENT_H 1
| #define STDC_HEADERS 1
| #define HAVE_FCNTL_H 1
| #define HAVE_SYS_TERMIOS_H 1
| #define HAVE_UNISTD_H 1
| #define HAVE_SIGNAL_H 1
| #define HAVE_IO_H 1
| /* end confdefs.h.  */
| #include <stdio.h>
| #ifdef HAVE_SYS_TYPES_H
| # include <sys/types.h>
| #endif
| #ifdef HAVE_SYS_STAT_H
| # include <sys/stat.h>
| #endif
| #ifdef STDC_HEADERS
| # include <stdlib.h>
| # include <stddef.h>
| #else
| # ifdef HAVE_STDLIB_H
| #  include <stdlib.h>
| # endif
| #endif
| #ifdef HAVE_STRING_H
| # if !defined STDC_HEADERS && defined HAVE_MEMORY_H
| #  include <memory.h>
| # endif
| # include <string.h>
| #endif
| #ifdef HAVE_STRINGS_H
| # include <strings.h>
| #endif
| #ifdef HAVE_INTTYPES_H
| # include <inttypes.h>
| #endif
| #ifdef HAVE_STDINT_H
| # include <stdint.h>
| #endif
| #ifdef HAVE_UNISTD_H
| # include <unistd.h>
| #endif
| int
| main ()
| {
| if (sizeof ((mode_t)))
| 	    return 0;
|   ;
|   return 0;
| }
configure:5327: result: yes
configure:5338: checking for pid_t
configure:5338: gcc -c -g -O2  conftest.c >&5
configure:5338: $? = 0
configure:5338: gcc -c -g -O2  conftest.c >&5
conftest.c: In function `main':
conftest.c:64: error: parse error before ')' token
configure:5338: $? = 1
configure: failed program was:
| /* confdefs.h */
| #define PACKAGE_NAME ""
| #define PACKAGE_TARNAME ""
| #define PACKAGE_VERSION ""
| #define PACKAGE_STRING ""
| #define PACKAGE_BUGREPORT ""
| #define PACKAGE_URL ""
| #define PACKAGE "cscope"
| #define VERSION "15.8"
| #define STDC_HEADERS 1
| #define HAVE_SYS_TYPES_H 1
| #define HAVE_SYS_STAT_H 1
| #define HAVE_STDLIB_H 1
| #define HAVE_STRING_H 1
| #define HAVE_MEMORY_H 1
| #define HAVE_STRINGS_H 1
| #define HAVE_INTTYPES_H 1
| #define HAVE_STDINT_H 1
| #define HAVE_UNISTD_H 1
| #define HAVE_DIRENT_H 1
| #define STDC_HEADERS 1
| #define HAVE_FCNTL_H 1
| #define HAVE_SYS_TERMIOS_H 1
| #define HAVE_UNISTD_H 1
| #define HAVE_SIGNAL_H 1
| #define HAVE_IO_H 1
| /* end confdefs.h.  */
| #include <stdio.h>
| #ifdef HAVE_SYS_TYPES_H
| # include <sys/types.h>
| #endif
| #ifdef HAVE_SYS_STAT_H
| # include <sys/stat.h>
| #endif
| #ifdef STDC_HEADERS
| # include <stdlib.h>
| # include <stddef.h>
| #else
| # ifdef HAVE_STDLIB_H
| #  include <stdlib.h>
| # endif
| #endif
| #ifdef HAVE_STRING_H
| # if !defined STDC_HEADERS && defined HAVE_MEMORY_H
| #  include <memory.h>
| # endif
| # include <string.h>
| #endif
| #ifdef HAVE_STRINGS_H
| # include <strings.h>
| #endif
| #ifdef HAVE_INTTYPES_H
| # include <inttypes.h>
| #endif
| #ifdef HAVE_STDINT_H
| # include <stdint.h>
| #endif
| #ifdef HAVE_UNISTD_H
| # include <unistd.h>
| #endif
| int
| main ()
| {
| if (sizeof ((pid_t)))
| 	    return 0;
|   ;
|   return 0;
| }
configure:5338: result: yes
configure:5349: checking for size_t
configure:5349: gcc -c -g -O2  conftest.c >&5
configure:5349: $? = 0
configure:5349: gcc -c -g -O2  conftest.c >&5
conftest.c: In function `main':
conftest.c:64: error: parse error before ')' token
configure:5349: $? = 1
configure: failed program was:
| /* confdefs.h */
| #define PACKAGE_NAME ""
| #define PACKAGE_TARNAME ""
| #define PACKAGE_VERSION ""
| #define PACKAGE_STRING ""
| #define PACKAGE_BUGREPORT ""
| #define PACKAGE_URL ""
| #define PACKAGE "cscope"
| #define VERSION "15.8"
| #define STDC_HEADERS 1
| #define HAVE_SYS_TYPES_H 1
| #define HAVE_SYS_STAT_H 1
| #define HAVE_STDLIB_H 1
| #define HAVE_STRING_H 1
| #define HAVE_MEMORY_H 1
| #define HAVE_STRINGS_H 1
| #define HAVE_INTTYPES_H 1
| #define HAVE_STDINT_H 1
| #define HAVE_UNISTD_H 1
| #define HAVE_DIRENT_H 1
| #define STDC_HEADERS 1
| #define HAVE_FCNTL_H 1
| #define HAVE_SYS_TERMIOS_H 1
| #define HAVE_UNISTD_H 1
| #define HAVE_SIGNAL_H 1
| #define HAVE_IO_H 1
| /* end confdefs.h.  */
| #include <stdio.h>
| #ifdef HAVE_SYS_TYPES_H
| # include <sys/types.h>
| #endif
| #ifdef HAVE_SYS_STAT_H
| # include <sys/stat.h>
| #endif
| #ifdef STDC_HEADERS
| # include <stdlib.h>
| # include <stddef.h>
| #else
| # ifdef HAVE_STDLIB_H
| #  include <stdlib.h>
| # endif
| #endif
| #ifdef HAVE_STRING_H
| # if !defined STDC_HEADERS && defined HAVE_MEMORY_H
| #  include <memory.h>
| # endif
| # include <string.h>
| #endif
| #ifdef HAVE_STRINGS_H
| # include <strings.h>
| #endif
| #ifdef HAVE_INTTYPES_H
| # include <inttypes.h>
| #endif
| #ifdef HAVE_STDINT_H
| # include <stdint.h>
| #endif
| #ifdef HAVE_UNISTD_H
| # include <unistd.h>
| #endif
| int
| main ()
| {
| if (sizeof ((size_t)))
| 	    return 0;
|   ;
|   return 0;
| }
configure:5349: result: yes
configure:5360: checking for sighandler_t
configure:5360: gcc -c -g -O2  conftest.c >&5
configure:5360: $? = 0
configure:5360: gcc -c -g -O2  conftest.c >&5
conftest.c: In function `main':
conftest.c:36: error: parse error before ')' token
configure:5360: $? = 1
configure: failed program was:
| /* confdefs.h */
| #define PACKAGE_NAME ""
| #define PACKAGE_TARNAME ""
| #define PACKAGE_VERSION ""
| #define PACKAGE_STRING ""
| #define PACKAGE_BUGREPORT ""
| #define PACKAGE_URL ""
| #define PACKAGE "cscope"
| #define VERSION "15.8"
| #define STDC_HEADERS 1
| #define HAVE_SYS_TYPES_H 1
| #define HAVE_SYS_STAT_H 1
| #define HAVE_STDLIB_H 1
| #define HAVE_STRING_H 1
| #define HAVE_MEMORY_H 1
| #define HAVE_STRINGS_H 1
| #define HAVE_INTTYPES_H 1
| #define HAVE_STDINT_H 1
| #define HAVE_UNISTD_H 1
| #define HAVE_DIRENT_H 1
| #define STDC_HEADERS 1
| #define HAVE_FCNTL_H 1
| #define HAVE_SYS_TERMIOS_H 1
| #define HAVE_UNISTD_H 1
| #define HAVE_SIGNAL_H 1
| #define HAVE_IO_H 1
| /* end confdefs.h.  */
| 
| #ifdef HAVE_SIGNAL_H
| # include <signal.h>
| #endif
| 
| int
| main ()
| {
| if (sizeof ((sighandler_t)))
| 	    return 0;
|   ;
|   return 0;
| }
configure:5360: result: yes
configure:5369: checking for sigsetjmp
configure:5382: gcc -o conftest.exe -g -O2   conftest.c  >&5
conftest.c: In function `main':
conftest.c:32: warning: initialization from incompatible pointer type
configure:5382: $? = 0
configure:5383: result: yes
configure:5395: checking return type of signal handlers
configure:5413: gcc -c -g -O2  conftest.c >&5
conftest.c: In function `main':
conftest.c:35: error: void value not ignored as it ought to be
configure:5413: $? = 1
configure: failed program was:
| /* confdefs.h */
| #define PACKAGE_NAME ""
| #define PACKAGE_TARNAME ""
| #define PACKAGE_VERSION ""
| #define PACKAGE_STRING ""
| #define PACKAGE_BUGREPORT ""
| #define PACKAGE_URL ""
| #define PACKAGE "cscope"
| #define VERSION "15.8"
| #define STDC_HEADERS 1
| #define HAVE_SYS_TYPES_H 1
| #define HAVE_SYS_STAT_H 1
| #define HAVE_STDLIB_H 1
| #define HAVE_STRING_H 1
| #define HAVE_MEMORY_H 1
| #define HAVE_STRINGS_H 1
| #define HAVE_INTTYPES_H 1
| #define HAVE_STDINT_H 1
| #define HAVE_UNISTD_H 1
| #define HAVE_DIRENT_H 1
| #define STDC_HEADERS 1
| #define HAVE_FCNTL_H 1
| #define HAVE_SYS_TERMIOS_H 1
| #define HAVE_UNISTD_H 1
| #define HAVE_SIGNAL_H 1
| #define HAVE_IO_H 1
| #define HAVE_SIGSETJMP 1
| /* end confdefs.h.  */
| #include <sys/types.h>
| #include <signal.h>
| 
| int
| main ()
| {
| return *(signal (0, 0)) (0) == 1;
|   ;
|   return 0;
| }
configure:5420: result: void
configure:5431: checking for strchr
configure:5431: gcc -o conftest.exe -g -O2   conftest.c  >&5
conftest.c:53: warning: conflicting types for built-in function 'strchr'
configure:5431: $? = 0
configure:5431: result: yes
configure:5431: checking for memcpy
configure:5431: gcc -o conftest.exe -g -O2   conftest.c  >&5
conftest.c:54: warning: conflicting types for built-in function 'memcpy'
configure:5431: $? = 0
configure:5431: result: yes
configure:5431: checking for memset
configure:5431: gcc -o conftest.exe -g -O2   conftest.c  >&5
conftest.c:55: warning: conflicting types for built-in function 'memset'
configure:5431: $? = 0
configure:5431: result: yes
configure:5431: checking for setmode
configure:5431: gcc -o conftest.exe -g -O2   conftest.c  >&5
configure:5431: $? = 0
configure:5431: result: yes
configure:5431: checking for _setmode
configure:5431: gcc -o conftest.exe -g -O2   conftest.c  >&5
configure:5431: $? = 0
configure:5431: result: yes
configure:5443: checking for getcwd
configure:5443: gcc -o conftest.exe -g -O2   conftest.c  >&5
configure:5443: $? = 0
configure:5443: result: yes
configure:5443: checking for regcmp
configure:5443: gcc -o conftest.exe -g -O2   conftest.c  >&5
/tmp/ccwrwXYh.o: In function `main':
/cygdrive/c/home/.emacs.d/cscope-15.8/conftest.c:70: undefined reference to `_regcmp'
collect2: ld returned 1 exit status
configure:5443: $? = 1
configure: failed program was:
| /* confdefs.h */
| #define PACKAGE_NAME ""
| #define PACKAGE_TARNAME ""
| #define PACKAGE_VERSION ""
| #define PACKAGE_STRING ""
| #define PACKAGE_BUGREPORT ""
| #define PACKAGE_URL ""
| #define PACKAGE "cscope"
| #define VERSION "15.8"
| #define STDC_HEADERS 1
| #define HAVE_SYS_TYPES_H 1
| #define HAVE_SYS_STAT_H 1
| #define HAVE_STDLIB_H 1
| #define HAVE_STRING_H 1
| #define HAVE_MEMORY_H 1
| #define HAVE_STRINGS_H 1
| #define HAVE_INTTYPES_H 1
| #define HAVE_STDINT_H 1
| #define HAVE_UNISTD_H 1
| #define HAVE_DIRENT_H 1
| #define STDC_HEADERS 1
| #define HAVE_FCNTL_H 1
| #define HAVE_SYS_TERMIOS_H 1
| #define HAVE_UNISTD_H 1
| #define HAVE_SIGNAL_H 1
| #define HAVE_IO_H 1
| #define HAVE_SIGSETJMP 1
| #define RETSIGTYPE void
| #define HAVE_STRCHR 1
| #define HAVE_MEMCPY 1
| #define HAVE_MEMSET 1
| #define HAVE_SETMODE 1
| #define HAVE__SETMODE 1
| #define HAVE_GETCWD 1
| /* end confdefs.h.  */
| /* Define regcmp to an innocuous variant, in case <limits.h> declares regcmp.
|    For example, HP-UX 11i <limits.h> declares gettimeofday.  */
| #define regcmp innocuous_regcmp
| 
| /* System header to define __stub macros and hopefully few prototypes,
|     which can conflict with char regcmp (); below.
|     Prefer <limits.h> to <assert.h> if __STDC__ is defined, since
|     <limits.h> exists even on freestanding compilers.  */
| 
| #ifdef __STDC__
| # include <limits.h>
| #else
| # include <assert.h>
| #endif
| 
| #undef regcmp
| 
| /* Override any GCC internal prototype to avoid an error.
|    Use char because int might match the return type of a GCC
|    builtin and then its argument prototype would still apply.  */
| #ifdef __cplusplus
| extern "C"
| #endif
| char regcmp ();
| /* The GNU C library defines this for functions which it implements
|     to always fail with ENOSYS.  Some functions are actually named
|     something starting with __ and the normal name is an alias.  */
| #if defined __stub_regcmp || defined __stub___regcmp
| choke me
| #endif
| 
| int
| main ()
| {
| return regcmp ();
|   ;
|   return 0;
| }
configure:5443: result: no
configure:5443: checking for regcomp
configure:5443: gcc -o conftest.exe -g -O2   conftest.c  >&5
configure:5443: $? = 0
configure:5443: result: yes
configure:5443: checking for strerror
configure:5443: gcc -o conftest.exe -g -O2   conftest.c  >&5
configure:5443: $? = 0
configure:5443: result: yes
configure:5443: checking for lstat
configure:5443: gcc -o conftest.exe -g -O2   conftest.c  >&5
configure:5443: $? = 0
configure:5443: result: yes
configure:5455: checking for fixkeypad
configure:5455: gcc -o conftest.exe -g -O2   conftest.c  >&5
/tmp/cc8XXS3W.o: In function `main':
/cygdrive/c/home/.emacs.d/cscope-15.8/conftest.c:73: undefined reference to `_fixkeypad'
collect2: ld returned 1 exit status
configure:5455: $? = 1
configure: failed program was:
| /* confdefs.h */
| #define PACKAGE_NAME ""
| #define PACKAGE_TARNAME ""
| #define PACKAGE_VERSION ""
| #define PACKAGE_STRING ""
| #define PACKAGE_BUGREPORT ""
| #define PACKAGE_URL ""
| #define PACKAGE "cscope"
| #define VERSION "15.8"
| #define STDC_HEADERS 1
| #define HAVE_SYS_TYPES_H 1
| #define HAVE_SYS_STAT_H 1
| #define HAVE_STDLIB_H 1
| #define HAVE_STRING_H 1
| #define HAVE_MEMORY_H 1
| #define HAVE_STRINGS_H 1
| #define HAVE_INTTYPES_H 1
| #define HAVE_STDINT_H 1
| #define HAVE_UNISTD_H 1
| #define HAVE_DIRENT_H 1
| #define STDC_HEADERS 1
| #define HAVE_FCNTL_H 1
| #define HAVE_SYS_TERMIOS_H 1
| #define HAVE_UNISTD_H 1
| #define HAVE_SIGNAL_H 1
| #define HAVE_IO_H 1
| #define HAVE_SIGSETJMP 1
| #define RETSIGTYPE void
| #define HAVE_STRCHR 1
| #define HAVE_MEMCPY 1
| #define HAVE_MEMSET 1
| #define HAVE_SETMODE 1
| #define HAVE__SETMODE 1
| #define HAVE_GETCWD 1
| #define HAVE_REGCOMP 1
| #define HAVE_STRERROR 1
| #define HAVE_LSTAT 1
| /* end confdefs.h.  */
| /* Define fixkeypad to an innocuous variant, in case <limits.h> declares fixkeypad.
|    For example, HP-UX 11i <limits.h> declares gettimeofday.  */
| #define fixkeypad innocuous_fixkeypad
| 
| /* System header to define __stub macros and hopefully few prototypes,
|     which can conflict with char fixkeypad (); below.
|     Prefer <limits.h> to <assert.h> if __STDC__ is defined, since
|     <limits.h> exists even on freestanding compilers.  */
| 
| #ifdef __STDC__
| # include <limits.h>
| #else
| # include <assert.h>
| #endif
| 
| #undef fixkeypad
| 
| /* Override any GCC internal prototype to avoid an error.
|    Use char because int might match the return type of a GCC
|    builtin and then its argument prototype would still apply.  */
| #ifdef __cplusplus
| extern "C"
| #endif
| char fixkeypad ();
| /* The GNU C library defines this for functions which it implements
|     to always fail with ENOSYS.  Some functions are actually named
|     something starting with __ and the normal name is an alias.  */
| #if defined __stub_fixkeypad || defined __stub___fixkeypad
| choke me
| #endif
| 
| int
| main ()
| {
| return fixkeypad ();
|   ;
|   return 0;
| }
configure:5455: result: no
configure:5455: checking for getopt_long
configure:5455: gcc -o conftest.exe -g -O2   conftest.c  >&5
configure:5455: $? = 0
configure:5455: result: yes
configure:5470: checking for stdarg.h
configure:5470: gcc -c -g -O2  conftest.c >&5
configure:5470: $? = 0
configure:5470: result: yes
configure:5470: checking for varargs.h
configure:5470: gcc -c -g -O2  conftest.c >&5
In file included from conftest.c:75:
/usr/lib/gcc/i686-pc-cygwin/3.4.4/include/varargs.h:4:2: #error "GCC no longer implements <varargs.h>."
/usr/lib/gcc/i686-pc-cygwin/3.4.4/include/varargs.h:5:2: #error "Revise your code to use <stdarg.h>."
configure:5470: $? = 1
configure: failed program was:
| /* confdefs.h */
| #define PACKAGE_NAME ""
| #define PACKAGE_TARNAME ""
| #define PACKAGE_VERSION ""
| #define PACKAGE_STRING ""
| #define PACKAGE_BUGREPORT ""
| #define PACKAGE_URL ""
| #define PACKAGE "cscope"
| #define VERSION "15.8"
| #define STDC_HEADERS 1
| #define HAVE_SYS_TYPES_H 1
| #define HAVE_SYS_STAT_H 1
| #define HAVE_STDLIB_H 1
| #define HAVE_STRING_H 1
| #define HAVE_MEMORY_H 1
| #define HAVE_STRINGS_H 1
| #define HAVE_INTTYPES_H 1
| #define HAVE_STDINT_H 1
| #define HAVE_UNISTD_H 1
| #define HAVE_DIRENT_H 1
| #define STDC_HEADERS 1
| #define HAVE_FCNTL_H 1
| #define HAVE_SYS_TERMIOS_H 1
| #define HAVE_UNISTD_H 1
| #define HAVE_SIGNAL_H 1
| #define HAVE_IO_H 1
| #define HAVE_SIGSETJMP 1
| #define RETSIGTYPE void
| #define HAVE_STRCHR 1
| #define HAVE_MEMCPY 1
| #define HAVE_MEMSET 1
| #define HAVE_SETMODE 1
| #define HAVE__SETMODE 1
| #define HAVE_GETCWD 1
| #define HAVE_REGCOMP 1
| #define HAVE_STRERROR 1
| #define HAVE_LSTAT 1
| #define HAVE_GETOPT_LONG 1
| #define HAVE_STDARG_H 1
| /* end confdefs.h.  */
| #include <stdio.h>
| #ifdef HAVE_SYS_TYPES_H
| # include <sys/types.h>
| #endif
| #ifdef HAVE_SYS_STAT_H
| # include <sys/stat.h>
| #endif
| #ifdef STDC_HEADERS
| # include <stdlib.h>
| # include <stddef.h>
| #else
| # ifdef HAVE_STDLIB_H
| #  include <stdlib.h>
| # endif
| #endif
| #ifdef HAVE_STRING_H
| # if !defined STDC_HEADERS && defined HAVE_MEMORY_H
| #  include <memory.h>
| # endif
| # include <string.h>
| #endif
| #ifdef HAVE_STRINGS_H
| # include <strings.h>
| #endif
| #ifdef HAVE_INTTYPES_H
| # include <inttypes.h>
| #endif
| #ifdef HAVE_STDINT_H
| # include <stdint.h>
| #endif
| #ifdef HAVE_UNISTD_H
| # include <unistd.h>
| #endif
| 
| #include <varargs.h>
configure:5470: result: no
configure:5487: checking for vsnprintf
configure:5487: gcc -o conftest.exe -g -O2   conftest.c  >&5
conftest.c:64: warning: conflicting types for built-in function 'vsnprintf'
configure:5487: $? = 0
configure:5487: result: yes
configure:5495: checking whether vsnprintf is C99 compliant
configure:5530: gcc -o conftest.exe -g -O2   conftest.c  >&5
configure:5530: $? = 0
configure:5530: ./conftest.exe
configure:5530: $? = 0
configure:5540: result: yes
configure:5976: checking for snprintf
configure:5976: gcc -o conftest.exe -g -O2   conftest.c  >&5
conftest.c:65: warning: conflicting types for built-in function 'snprintf'
configure:5976: $? = 0
configure:5976: result: yes
configure:5984: checking whether snprintf is C99 compliant
configure:6007: gcc -o conftest.exe -g -O2   conftest.c  >&5
configure:6007: $? = 0
configure:6007: ./conftest.exe
configure:6007: $? = 0
configure:6017: result: yes
configure:6127: checking for vsnprintf
configure:6127: result: yes
configure:6135: checking whether vsnprintf is C99 compliant
configure:6180: result: yes
configure:6623: checking for vasprintf
configure:6623: gcc -o conftest.exe -g -O2   conftest.c  >&5
configure:6623: $? = 0
configure:6623: result: yes
configure:6835: checking for asprintf
configure:6835: gcc -o conftest.exe -g -O2   conftest.c  >&5
configure:6835: $? = 0
configure:6835: result: yes
configure:6949: checking for vasprintf
configure:6949: result: yes
configure:7316: creating ./config.status

## ---------------- ##
## Cache variables. ##
## ---------------- ##

ac_cv_build=i686-pc-cygwin
ac_cv_c_compiler_gnu=yes
ac_cv_c_const=yes
ac_cv_env_CC_set=
ac_cv_env_CC_value=
ac_cv_env_CFLAGS_set=
ac_cv_env_CFLAGS_value=
ac_cv_env_CPPFLAGS_set=
ac_cv_env_CPPFLAGS_value=
ac_cv_env_CPP_set=
ac_cv_env_CPP_value=
ac_cv_env_LDFLAGS_set=
ac_cv_env_LDFLAGS_value=
ac_cv_env_LIBS_set=
ac_cv_env_LIBS_value=
ac_cv_env_YACC_set=
ac_cv_env_YACC_value=
ac_cv_env_YFLAGS_set=
ac_cv_env_YFLAGS_value=
ac_cv_env_build_alias_set=
ac_cv_env_build_alias_value=
ac_cv_env_host_alias_set=
ac_cv_env_host_alias_value=
ac_cv_env_target_alias_set=
ac_cv_env_target_alias_value=
ac_cv_exeext=.exe
ac_cv_func__setmode=yes
ac_cv_func_asprintf=yes
ac_cv_func_fixkeypad=no
ac_cv_func_getcwd=yes
ac_cv_func_getopt_long=yes
ac_cv_func_lstat=yes
ac_cv_func_memcpy=yes
ac_cv_func_memset=yes
ac_cv_func_regcmp=no
ac_cv_func_regcomp=yes
ac_cv_func_setmode=yes
ac_cv_func_snprintf=yes
ac_cv_func_strchr=yes
ac_cv_func_strerror=yes
ac_cv_func_vasprintf=yes
ac_cv_func_vsnprintf=yes
ac_cv_header_dirent_dirent_h=yes
ac_cv_header_fcntl_h=yes
ac_cv_header_floss_h=no
ac_cv_header_inttypes_h=yes
ac_cv_header_io_h=yes
ac_cv_header_memory_h=yes
ac_cv_header_regex_h=yes
ac_cv_header_signal_h=yes
ac_cv_header_stdarg_h=yes
ac_cv_header_stdc=yes
ac_cv_header_stdint_h=yes
ac_cv_header_stdlib_h=yes
ac_cv_header_string_h=yes
ac_cv_header_strings_h=yes
ac_cv_header_sys_stat_h=yes
ac_cv_header_sys_termios_h=yes
ac_cv_header_sys_types_h=yes
ac_cv_header_sys_window_h=no
ac_cv_header_unistd_h=yes
ac_cv_header_varargs_h=no
ac_cv_host=i686-pc-cygwin
ac_cv_lib_regex_regcomp=no
ac_cv_objext=o
ac_cv_path_EGREP='/usr/bin/grep -E'
ac_cv_path_GREP=/usr/bin/grep
ac_cv_path_install='/usr/bin/install -c'
ac_cv_prog_AWK=gawk
ac_cv_prog_CPP='gcc -E'
ac_cv_prog_ac_ct_CC=gcc
ac_cv_prog_cc_c89=
ac_cv_prog_cc_g=yes
ac_cv_prog_make_make_set=yes
ac_cv_search_opendir='none required'
ac_cv_type_mode_t=yes
ac_cv_type_pid_t=yes
ac_cv_type_sighandler_t=yes
ac_cv_type_signal=void
ac_cv_type_size_t=yes
am_cv_CC_dependencies_compiler_type=gcc3
hw_cv_func_asprintf=yes
hw_cv_func_snprintf=yes
hw_cv_func_snprintf_c99=yes
hw_cv_func_vasprintf=yes
hw_cv_func_vsnprintf=yes
hw_cv_func_vsnprintf_c99=yes

## ----------------- ##
## Output variables. ##
## ----------------- ##

ACLOCAL='${SHELL} /cygdrive/c/home/.emacs.d/cscope-15.8/missing --run aclocal-1.9'
AMDEPBACKSLASH='\'
AMDEP_FALSE='#'
AMDEP_TRUE=''
AMTAR='${SHELL} /cygdrive/c/home/.emacs.d/cscope-15.8/missing --run tar'
AUTOCONF='${SHELL} /cygdrive/c/home/.emacs.d/cscope-15.8/missing --run autoconf'
AUTOHEADER='${SHELL} /cygdrive/c/home/.emacs.d/cscope-15.8/missing --run autoheader'
AUTOMAKE='${SHELL} /cygdrive/c/home/.emacs.d/cscope-15.8/missing --run automake-1.9'
AWK='gawk'
CC='gcc'
CCDEPMODE='depmode=gcc3'
CFLAGS='-g -O2'
CPP='gcc -E'
CPPFLAGS=''
CURSES_INCLUDEDIR=''
CURSES_LIBS=''
CYGPATH_W='cygpath -w'
DEFS='-DHAVE_CONFIG_H'
DEPDIR='.deps'
ECHO_C=''
ECHO_N='-n'
ECHO_T=''
EGREP='/usr/bin/grep -E'
EXEEXT='.exe'
GNOME_LINUX_FALSE=''
GNOME_LINUX_TRUE='#'
GREP='/usr/bin/grep'
HAS_CURSES_FALSE=''
HAS_CURSES_TRUE='#'
HAS_GNOME_FALSE=''
HAS_GNOME_TRUE='#'
INSTALL_DATA='${INSTALL} -m 644'
INSTALL_PROGRAM='${INSTALL}'
INSTALL_SCRIPT='${INSTALL}'
INSTALL_STRIP_PROGRAM='${SHELL} $(install_sh) -c -s'
LDFLAGS=''
LEX='${SHELL} /cygdrive/c/home/.emacs.d/cscope-15.8/missing --run flex'
LEXLIB=''
LEX_OUTPUT_ROOT=''
LIBOBJS=''
LIBS=''
LTLIBOBJS=''
MAKEINFO='${SHELL} /cygdrive/c/home/.emacs.d/cscope-15.8/missing --run makeinfo'
OBJEXT='o'
PACKAGE='cscope'
PACKAGE_BUGREPORT=''
PACKAGE_NAME=''
PACKAGE_STRING=''
PACKAGE_TARNAME=''
PACKAGE_URL=''
PACKAGE_VERSION=''
PATH_SEPARATOR=':'
SET_MAKE=''
SHELL='/bin/sh'
STRIP=''
USING_GNOME2_FALSE=''
USING_GNOME2_TRUE='#'
USING_LEX_FALSE=''
USING_LEX_TRUE='#'
VERSION='15.8'
YACC='yacc'
YFLAGS=''
ac_ct_CC='gcc'
am__fastdepCC_FALSE='#'
am__fastdepCC_TRUE=''
am__include='include'
am__leading_dot='.'
am__quote=''
am__tar='${AMTAR} chof - "$$tardir"'
am__untar='${AMTAR} xf -'
bindir='${exec_prefix}/bin'
build='i686-pc-cygwin'
build_alias=''
build_cpu='i686'
build_os='cygwin'
build_vendor='pc'
datadir='${datarootdir}'
datarootdir='${prefix}/share'
docdir='${datarootdir}/doc/${PACKAGE}'
dvidir='${docdir}'
exec_prefix='${prefix}'
gnome1=''
gnome2=''
host='i686-pc-cygwin'
host_alias=''
host_cpu='i686'
host_os='cygwin'
host_vendor='pc'
htmldir='${docdir}'
includedir='${prefix}/include'
infodir='${datarootdir}/info'
install_sh='/cygdrive/c/home/.emacs.d/cscope-15.8/install-sh'
libdir='${exec_prefix}/lib'
libexecdir='${exec_prefix}/libexec'
localedir='${datarootdir}/locale'
localstatedir='${prefix}/var'
mandir='${datarootdir}/man'
mkdir_p='mkdir -p --'
oldincludedir='/usr/include'
pdfdir='${docdir}'
prefix='/usr/local'
program_transform_name='s,x,x,'
psdir='${docdir}'
sbindir='${exec_prefix}/sbin'
sharedstatedir='${prefix}/com'
sysconfdir='${prefix}/etc'
target_alias=''

## ----------- ##
## confdefs.h. ##
## ----------- ##

/* confdefs.h */
#define PACKAGE_NAME ""
#define PACKAGE_TARNAME ""
#define PACKAGE_VERSION ""
#define PACKAGE_STRING ""
#define PACKAGE_BUGREPORT ""
#define PACKAGE_URL ""
#define PACKAGE "cscope"
#define VERSION "15.8"
#define STDC_HEADERS 1
#define HAVE_SYS_TYPES_H 1
#define HAVE_SYS_STAT_H 1
#define HAVE_STDLIB_H 1
#define HAVE_STRING_H 1
#define HAVE_MEMORY_H 1
#define HAVE_STRINGS_H 1
#define HAVE_INTTYPES_H 1
#define HAVE_STDINT_H 1
#define HAVE_UNISTD_H 1
#define HAVE_DIRENT_H 1
#define STDC_HEADERS 1
#define HAVE_FCNTL_H 1
#define HAVE_SYS_TERMIOS_H 1
#define HAVE_UNISTD_H 1
#define HAVE_SIGNAL_H 1
#define HAVE_IO_H 1
#define HAVE_SIGSETJMP 1
#define RETSIGTYPE void
#define HAVE_STRCHR 1
#define HAVE_MEMCPY 1
#define HAVE_MEMSET 1
#define HAVE_SETMODE 1
#define HAVE__SETMODE 1
#define HAVE_GETCWD 1
#define HAVE_REGCOMP 1
#define HAVE_STRERROR 1
#define HAVE_LSTAT 1
#define HAVE_GETOPT_LONG 1
#define HAVE_STDARG_H 1
#define HAVE_VSNPRINTF 1
#define HAVE_SNPRINTF 1
#define HAVE_VSNPRINTF 1
#define HAVE_VASPRINTF 1
#define HAVE_ASPRINTF 1
#define HAVE_VASPRINTF 1

configure: exit 0

## ---------------------- ##
## Running config.status. ##
## ---------------------- ##

This file was extended by config.status, which was
generated by GNU Autoconf 2.68.  Invocation command line was

  CONFIG_FILES    = 
  CONFIG_HEADERS  = 
  CONFIG_LINKS    = 
  CONFIG_COMMANDS = 
  $ ./config.status 

on LNGSHAL-097

config.status:910: creating Makefile
config.status:910: creating doc/Makefile
config.status:910: creating src/Makefile
config.status:910: creating contrib/Makefile
config.status:910: creating config.h
config.status:1085: config.h is unchanged
config.status:1132: executing depfiles commands

## ---------------------- ##
## Running config.status. ##
## ---------------------- ##

This file was extended by config.status, which was
generated by GNU Autoconf 2.68.  Invocation command line was

  CONFIG_FILES    = 
  CONFIG_HEADERS  = 
  CONFIG_LINKS    = 
  CONFIG_COMMANDS = 
  $ ./config.status config.h

on LNGSHAL-097

config.status:910: creating config.h
config.status:1085: config.h is unchanged
